2022-06-28 11:17:53.188	    7ff91c33e500	INFO	logging	contrib/epee/src/mlog.cpp:273	New log categories: *:WARNING,net:FATAL,net.http:FATAL,net.ssl:FATAL,net.p2p:FATAL,net.cn:FATAL,daemon.rpc:FATAL,global:INFO,verify:FATAL,serialization:FATAL,daemon.rpc.payment:ERROR,stacktrace:INFO,logging:INFO,msgwriter:INFO
2022-06-28 11:20:24.623	    7ff91c33e500	WARNING	wallet.wallet2	src/mnemonics/language_base.h:149	Duplicate prefix in EnglishOld word list: thin
2022-06-28 11:20:24.624	    7ff91c33e500	WARNING	wallet.wallet2	src/mnemonics/language_base.h:149	Duplicate prefix in EnglishOld word list: some
2022-06-28 11:20:24.624	    7ff91c33e500	WARNING	wallet.wallet2	src/mnemonics/language_base.h:149	Duplicate prefix in EnglishOld word list: ever
2022-06-28 11:20:24.625	    7ff91c33e500	WARNING	wallet.wallet2	src/mnemonics/language_base.h:149	Duplicate prefix in EnglishOld word list: some
2022-06-28 11:20:24.625	    7ff91c33e500	WARNING	wallet.wallet2	src/mnemonics/language_base.h:149	Duplicate prefix in EnglishOld word list: happ
2022-06-28 11:20:24.625	    7ff91c33e500	WARNING	wallet.wallet2	src/mnemonics/language_base.h:149	Duplicate prefix in EnglishOld word list: star
2022-06-28 11:20:24.626	    7ff91c33e500	WARNING	wallet.wallet2	src/mnemonics/language_base.h:149	Duplicate prefix in EnglishOld word list: ever
2022-06-28 11:20:24.626	    7ff91c33e500	WARNING	wallet.wallet2	src/mnemonics/language_base.h:149	Duplicate prefix in EnglishOld word list: real
2022-06-28 11:20:24.626	    7ff91c33e500	WARNING	wallet.wallet2	src/mnemonics/language_base.h:149	Duplicate prefix in EnglishOld word list: brea
2022-06-28 11:20:24.626	    7ff91c33e500	WARNING	wallet.wallet2	src/mnemonics/language_base.h:149	Duplicate prefix in EnglishOld word list: agai
2022-06-28 11:20:24.626	    7ff91c33e500	WARNING	wallet.wallet2	src/mnemonics/language_base.h:149	Duplicate prefix in EnglishOld word list: unde
2022-06-28 11:20:24.626	    7ff91c33e500	WARNING	wallet.wallet2	src/mnemonics/language_base.h:149	Duplicate prefix in EnglishOld word list: some
2022-06-28 11:20:24.627	    7ff91c33e500	WARNING	wallet.wallet2	src/mnemonics/language_base.h:149	Duplicate prefix in EnglishOld word list: real
2022-06-28 11:20:24.627	    7ff91c33e500	WARNING	wallet.wallet2	src/mnemonics/language_base.h:149	Duplicate prefix in EnglishOld word list: brea
2022-06-28 11:20:24.627	    7ff91c33e500	WARNING	wallet.wallet2	src/mnemonics/language_base.h:149	Duplicate prefix in EnglishOld word list: dark
2022-06-28 11:20:24.627	    7ff91c33e500	WARNING	wallet.wallet2	src/mnemonics/language_base.h:149	Duplicate prefix in EnglishOld word list: alon
2022-06-28 11:20:24.628	    7ff91c33e500	WARNING	wallet.wallet2	src/mnemonics/language_base.h:149	Duplicate prefix in EnglishOld word list: beau
2022-06-28 11:20:24.628	    7ff91c33e500	WARNING	wallet.wallet2	src/mnemonics/language_base.h:149	Duplicate prefix in EnglishOld word list: hear
2022-06-28 11:20:24.628	    7ff91c33e500	WARNING	wallet.wallet2	src/mnemonics/language_base.h:149	Duplicate prefix in EnglishOld word list: chan
2022-06-28 11:20:24.628	    7ff91c33e500	WARNING	wallet.wallet2	src/mnemonics/language_base.h:149	Duplicate prefix in EnglishOld word list: chil
2022-06-28 11:20:24.629	    7ff91c33e500	WARNING	wallet.wallet2	src/mnemonics/language_base.h:149	Duplicate prefix in EnglishOld word list: mean
2022-06-28 11:20:24.629	    7ff91c33e500	WARNING	wallet.wallet2	src/mnemonics/language_base.h:149	Duplicate prefix in EnglishOld word list: real
2022-06-28 11:20:24.629	    7ff91c33e500	WARNING	wallet.wallet2	src/mnemonics/language_base.h:149	Duplicate prefix in EnglishOld word list: happ
2022-06-28 11:20:24.629	    7ff91c33e500	WARNING	wallet.wallet2	src/mnemonics/language_base.h:149	Duplicate prefix in EnglishOld word list: thro
2022-06-28 11:20:24.630	    7ff91c33e500	WARNING	wallet.wallet2	src/mnemonics/language_base.h:149	Duplicate prefix in EnglishOld word list: good
2022-06-28 11:20:24.630	    7ff91c33e500	WARNING	wallet.wallet2	src/mnemonics/language_base.h:149	Duplicate prefix in EnglishOld word list: know
2022-06-28 11:20:24.630	    7ff91c33e500	WARNING	wallet.wallet2	src/mnemonics/language_base.h:149	Duplicate prefix in EnglishOld word list: shou
2022-06-28 11:20:24.630	    7ff91c33e500	WARNING	wallet.wallet2	src/mnemonics/language_base.h:149	Duplicate prefix in EnglishOld word list: pret
2022-06-28 11:20:24.630	    7ff91c33e500	WARNING	wallet.wallet2	src/mnemonics/language_base.h:149	Duplicate prefix in EnglishOld word list: clea
2022-06-28 11:20:24.631	    7ff91c33e500	WARNING	wallet.wallet2	src/mnemonics/language_base.h:149	Duplicate prefix in EnglishOld word list: sorr
2022-06-28 11:20:24.631	    7ff91c33e500	WARNING	wallet.wallet2	src/mnemonics/language_base.h:149	Duplicate prefix in EnglishOld word list: fina
2022-06-28 11:20:24.631	    7ff91c33e500	WARNING	wallet.wallet2	src/mnemonics/language_base.h:149	Duplicate prefix in EnglishOld word list: sile
2022-06-28 11:20:24.631	    7ff91c33e500	WARNING	wallet.wallet2	src/mnemonics/language_base.h:149	Duplicate prefix in EnglishOld word list: ange
2022-06-28 11:20:24.631	    7ff91c33e500	WARNING	wallet.wallet2	src/mnemonics/language_base.h:149	Duplicate prefix in EnglishOld word list: cont
2022-06-28 11:20:24.631	    7ff91c33e500	WARNING	wallet.wallet2	src/mnemonics/language_base.h:149	Duplicate prefix in EnglishOld word list: give
2022-06-28 11:20:24.632	    7ff91c33e500	WARNING	wallet.wallet2	src/mnemonics/language_base.h:149	Duplicate prefix in EnglishOld word list: your
2022-06-28 11:20:24.632	    7ff91c33e500	WARNING	wallet.wallet2	src/mnemonics/language_base.h:149	Duplicate prefix in EnglishOld word list: take
2022-06-28 11:20:24.632	    7ff91c33e500	WARNING	wallet.wallet2	src/mnemonics/language_base.h:149	Duplicate prefix in EnglishOld word list: some
2022-06-28 11:20:24.632	    7ff91c33e500	WARNING	wallet.wallet2	src/mnemonics/language_base.h:149	Duplicate prefix in EnglishOld word list: crea
2022-06-28 11:20:24.632	    7ff91c33e500	WARNING	wallet.wallet2	src/mnemonics/language_base.h:149	Duplicate prefix in EnglishOld word list: forg
2022-06-28 11:20:24.633	    7ff91c33e500	WARNING	wallet.wallet2	src/mnemonics/language_base.h:149	Duplicate prefix in EnglishOld word list: laug
2022-06-28 11:20:24.633	    7ff91c33e500	WARNING	wallet.wallet2	src/mnemonics/language_base.h:149	Duplicate prefix in EnglishOld word list: some
2022-06-28 11:20:24.633	    7ff91c33e500	WARNING	wallet.wallet2	src/mnemonics/language_base.h:149	Duplicate prefix in EnglishOld word list: stor
2022-06-28 11:20:24.633	    7ff91c33e500	WARNING	wallet.wallet2	src/mnemonics/language_base.h:149	Duplicate prefix in EnglishOld word list: simp
2022-06-28 11:20:24.633	    7ff91c33e500	WARNING	wallet.wallet2	src/mnemonics/language_base.h:149	Duplicate prefix in EnglishOld word list: flow
2022-06-28 11:20:24.633	    7ff91c33e500	WARNING	wallet.wallet2	src/mnemonics/language_base.h:149	Duplicate prefix in EnglishOld word list: stre
2022-06-28 11:20:24.634	    7ff91c33e500	WARNING	wallet.wallet2	src/mnemonics/language_base.h:149	Duplicate prefix in EnglishOld word list: heav
2022-06-28 11:20:24.634	    7ff91c33e500	WARNING	wallet.wallet2	src/mnemonics/language_base.h:149	Duplicate prefix in EnglishOld word list: ever
2022-06-28 11:20:24.634	    7ff91c33e500	WARNING	wallet.wallet2	src/mnemonics/language_base.h:149	Duplicate prefix in EnglishOld word list: shou
2022-06-28 11:20:24.634	    7ff91c33e500	WARNING	wallet.wallet2	src/mnemonics/language_base.h:149	Duplicate prefix in EnglishOld word list: stra
2022-06-28 11:20:24.634	    7ff91c33e500	WARNING	wallet.wallet2	src/mnemonics/language_base.h:149	Duplicate prefix in EnglishOld word list: thro
2022-06-28 11:20:24.634	    7ff91c33e500	WARNING	wallet.wallet2	src/mnemonics/language_base.h:149	Duplicate prefix in EnglishOld word list: imag
2022-06-28 11:20:24.635	    7ff91c33e500	WARNING	wallet.wallet2	src/mnemonics/language_base.h:149	Duplicate prefix in EnglishOld word list: warm
2022-06-28 11:20:24.635	    7ff91c33e500	WARNING	wallet.wallet2	src/mnemonics/language_base.h:149	Duplicate prefix in EnglishOld word list: yell
2022-06-28 11:20:24.635	    7ff91c33e500	WARNING	wallet.wallet2	src/mnemonics/language_base.h:149	Duplicate prefix in EnglishOld word list: frie
2022-06-28 11:20:24.635	    7ff91c33e500	WARNING	wallet.wallet2	src/mnemonics/language_base.h:149	Duplicate prefix in EnglishOld word list: prob
2022-06-28 11:20:24.635	    7ff91c33e500	WARNING	wallet.wallet2	src/mnemonics/language_base.h:149	Duplicate prefix in EnglishOld word list: nigh
2022-06-28 11:20:24.635	    7ff91c33e500	WARNING	wallet.wallet2	src/mnemonics/language_base.h:149	Duplicate prefix in EnglishOld word list: thou
2022-06-28 11:20:24.636	    7ff91c33e500	WARNING	wallet.wallet2	src/mnemonics/language_base.h:149	Duplicate prefix in EnglishOld word list: wors
2022-06-28 11:20:24.636	    7ff91c33e500	WARNING	wallet.wallet2	src/mnemonics/language_base.h:149	Duplicate prefix in EnglishOld word list: bare
2022-06-28 11:20:24.636	    7ff91c33e500	WARNING	wallet.wallet2	src/mnemonics/language_base.h:149	Duplicate prefix in EnglishOld word list: crea
2022-06-28 11:20:24.636	    7ff91c33e500	WARNING	wallet.wallet2	src/mnemonics/language_base.h:149	Duplicate prefix in EnglishOld word list: pass
2022-06-28 11:20:24.636	    7ff91c33e500	WARNING	wallet.wallet2	src/mnemonics/language_base.h:149	Duplicate prefix in EnglishOld word list: quic
2022-06-28 11:20:24.636	    7ff91c33e500	WARNING	wallet.wallet2	src/mnemonics/language_base.h:149	Duplicate prefix in EnglishOld word list: brok
2022-06-28 11:20:24.637	    7ff91c33e500	WARNING	wallet.wallet2	src/mnemonics/language_base.h:149	Duplicate prefix in EnglishOld word list: chil
2022-06-28 11:20:24.637	    7ff91c33e500	WARNING	wallet.wallet2	src/mnemonics/language_base.h:149	Duplicate prefix in EnglishOld word list: fore
2022-06-28 11:20:24.637	    7ff91c33e500	WARNING	wallet.wallet2	src/mnemonics/language_base.h:149	Duplicate prefix in EnglishOld word list: stre
2022-06-28 11:20:24.637	    7ff91c33e500	WARNING	wallet.wallet2	src/mnemonics/language_base.h:149	Duplicate prefix in EnglishOld word list: comp
2022-06-28 11:20:24.637	    7ff91c33e500	WARNING	wallet.wallet2	src/mnemonics/language_base.h:149	Duplicate prefix in EnglishOld word list: coun
2022-06-28 11:20:24.638	    7ff91c33e500	WARNING	wallet.wallet2	src/mnemonics/language_base.h:149	Duplicate prefix in EnglishOld word list: stre
2022-06-28 11:20:24.638	    7ff91c33e500	WARNING	wallet.wallet2	src/mnemonics/language_base.h:149	Duplicate prefix in EnglishOld word list: forg
2022-06-28 11:20:24.638	    7ff91c33e500	WARNING	wallet.wallet2	src/mnemonics/language_base.h:149	Duplicate prefix in EnglishOld word list: plan
2022-06-28 11:20:24.638	    7ff91c33e500	WARNING	wallet.wallet2	src/mnemonics/language_base.h:149	Duplicate prefix in EnglishOld word list: both
2022-06-28 11:20:24.638	    7ff91c33e500	WARNING	wallet.wallet2	src/mnemonics/language_base.h:149	Duplicate prefix in EnglishOld word list: bott
2022-06-28 11:20:24.638	    7ff91c33e500	WARNING	wallet.wallet2	src/mnemonics/language_base.h:149	Duplicate prefix in EnglishOld word list: forg
2022-06-28 11:20:24.638	    7ff91c33e500	WARNING	wallet.wallet2	src/mnemonics/language_base.h:149	Duplicate prefix in EnglishOld word list: sure
2022-06-28 11:20:24.639	    7ff91c33e500	WARNING	wallet.wallet2	src/mnemonics/language_base.h:149	Duplicate prefix in EnglishOld word list: teac
2022-06-28 11:20:24.639	    7ff91c33e500	WARNING	wallet.wallet2	src/mnemonics/language_base.h:149	Duplicate prefix in EnglishOld word list: gent
2022-06-28 11:20:24.639	    7ff91c33e500	WARNING	wallet.wallet2	src/mnemonics/language_base.h:149	Duplicate prefix in EnglishOld word list: writ
2022-06-28 11:20:24.639	    7ff91c33e500	WARNING	wallet.wallet2	src/mnemonics/language_base.h:149	Duplicate prefix in EnglishOld word list: chai
2022-06-28 11:20:24.639	    7ff91c33e500	WARNING	wallet.wallet2	src/mnemonics/language_base.h:149	Duplicate prefix in EnglishOld word list: them
2022-06-28 11:20:24.639	    7ff91c33e500	WARNING	wallet.wallet2	src/mnemonics/language_base.h:149	Duplicate prefix in EnglishOld word list: expe
2022-06-28 11:20:24.639	    7ff91c33e500	WARNING	wallet.wallet2	src/mnemonics/language_base.h:149	Duplicate prefix in EnglishOld word list: free
2022-06-28 11:20:24.640	    7ff91c33e500	WARNING	wallet.wallet2	src/mnemonics/language_base.h:149	Duplicate prefix in EnglishOld word list: soft
2022-06-28 11:20:24.640	    7ff91c33e500	WARNING	wallet.wallet2	src/mnemonics/language_base.h:149	Duplicate prefix in EnglishOld word list: stra
2022-06-28 11:20:24.640	    7ff91c33e500	WARNING	wallet.wallet2	src/mnemonics/language_base.h:149	Duplicate prefix in EnglishOld word list: love
2022-06-28 11:20:24.640	    7ff91c33e500	WARNING	wallet.wallet2	src/mnemonics/language_base.h:149	Duplicate prefix in EnglishOld word list: clos
2022-06-28 11:20:24.640	    7ff91c33e500	WARNING	wallet.wallet2	src/mnemonics/language_base.h:149	Duplicate prefix in EnglishOld word list: hand
2022-06-28 11:20:24.641	    7ff91c33e500	WARNING	wallet.wallet2	src/mnemonics/language_base.h:149	Duplicate prefix in EnglishOld word list: dirt
2022-06-28 11:20:24.641	    7ff91c33e500	WARNING	wallet.wallet2	src/mnemonics/language_base.h:149	Duplicate prefix in EnglishOld word list: pres
2022-06-28 11:20:24.641	    7ff91c33e500	WARNING	wallet.wallet2	src/mnemonics/language_base.h:149	Duplicate prefix in EnglishOld word list: swea
2022-06-28 11:20:24.641	    7ff91c33e500	WARNING	wallet.wallet2	src/mnemonics/language_base.h:149	Duplicate prefix in EnglishOld word list: ever
2022-06-28 11:20:24.641	    7ff91c33e500	WARNING	wallet.wallet2	src/mnemonics/language_base.h:149	Duplicate prefix in EnglishOld word list: grow
2022-06-28 11:20:24.641	    7ff91c33e500	WARNING	wallet.wallet2	src/mnemonics/language_base.h:149	Duplicate prefix in EnglishOld word list: know
2022-06-28 11:20:24.641	    7ff91c33e500	WARNING	wallet.wallet2	src/mnemonics/language_base.h:149	Duplicate prefix in EnglishOld word list: numb
2022-06-28 11:20:24.642	    7ff91c33e500	WARNING	wallet.wallet2	src/mnemonics/language_base.h:149	Duplicate prefix in EnglishOld word list: pres
2022-06-28 11:20:24.642	    7ff91c33e500	WARNING	wallet.wallet2	src/mnemonics/language_base.h:149	Duplicate prefix in EnglishOld word list: cont
2022-06-28 11:20:24.642	    7ff91c33e500	WARNING	wallet.wallet2	src/mnemonics/language_base.h:149	Duplicate prefix in EnglishOld word list: dist
2022-06-28 11:20:24.642	    7ff91c33e500	WARNING	wallet.wallet2	src/mnemonics/language_base.h:149	Duplicate prefix in EnglishOld word list: purp
2022-06-28 11:20:24.642	    7ff91c33e500	WARNING	wallet.wallet2	src/mnemonics/language_base.h:149	Duplicate prefix in EnglishOld word list: thre
2022-06-28 11:20:24.642	    7ff91c33e500	WARNING	wallet.wallet2	src/mnemonics/language_base.h:149	Duplicate prefix in EnglishOld word list: gras
2022-06-28 11:20:24.642	    7ff91c33e500	WARNING	wallet.wallet2	src/mnemonics/language_base.h:149	Duplicate prefix in EnglishOld word list: inno
2022-06-28 11:20:24.643	    7ff91c33e500	WARNING	wallet.wallet2	src/mnemonics/language_base.h:149	Duplicate prefix in EnglishOld word list: shad
2022-06-28 11:20:24.643	    7ff91c33e500	WARNING	wallet.wallet2	src/mnemonics/language_base.h:149	Duplicate prefix in EnglishOld word list: some
2022-06-28 11:20:24.643	    7ff91c33e500	WARNING	wallet.wallet2	src/mnemonics/language_base.h:149	Duplicate prefix in EnglishOld word list: visi
2022-06-28 11:20:24.643	    7ff91c33e500	WARNING	wallet.wallet2	src/mnemonics/language_base.h:149	Duplicate prefix in EnglishOld word list: cons
2022-06-28 11:20:24.643	    7ff91c33e500	WARNING	wallet.wallet2	src/mnemonics/language_base.h:149	Duplicate prefix in EnglishOld word list: sile
2022-06-28 11:20:24.643	    7ff91c33e500	WARNING	wallet.wallet2	src/mnemonics/language_base.h:149	Duplicate prefix in EnglishOld word list: stre
2022-06-28 11:20:24.644	    7ff91c33e500	WARNING	wallet.wallet2	src/mnemonics/language_base.h:149	Duplicate prefix in EnglishOld word list: pray
2022-06-28 11:20:24.644	    7ff91c33e500	WARNING	wallet.wallet2	src/mnemonics/language_base.h:149	Duplicate prefix in EnglishOld word list: pres
2022-06-28 11:20:24.644	    7ff91c33e500	WARNING	wallet.wallet2	src/mnemonics/language_base.h:149	Duplicate prefix in EnglishOld word list: trai
2022-06-28 11:20:24.644	    7ff91c33e500	WARNING	wallet.wallet2	src/mnemonics/language_base.h:149	Duplicate prefix in EnglishOld word list: expl
2022-06-28 11:20:24.644	    7ff91c33e500	WARNING	wallet.wallet2	src/mnemonics/language_base.h:149	Duplicate prefix in EnglishOld word list: fami
2022-06-28 11:20:24.644	    7ff91c33e500	WARNING	wallet.wallet2	src/mnemonics/language_base.h:149	Duplicate prefix in EnglishOld word list: refl
2022-06-28 11:20:24.644	    7ff91c33e500	WARNING	wallet.wallet2	src/mnemonics/language_base.h:149	Duplicate prefix in EnglishOld word list: scen
2022-06-28 11:20:24.645	    7ff91c33e500	WARNING	wallet.wallet2	src/mnemonics/language_base.h:149	Duplicate prefix in EnglishOld word list: self
2022-06-28 11:20:24.645	    7ff91c33e500	WARNING	wallet.wallet2	src/mnemonics/language_base.h:149	Duplicate prefix in EnglishOld word list: wond
2022-06-28 11:20:24.645	    7ff91c33e500	WARNING	wallet.wallet2	src/mnemonics/language_base.h:149	Duplicate prefix in EnglishOld word list: atte
2022-06-28 11:20:24.645	    7ff91c33e500	WARNING	wallet.wallet2	src/mnemonics/language_base.h:149	Duplicate prefix in EnglishOld word list: birt
2022-06-28 11:20:24.645	    7ff91c33e500	WARNING	wallet.wallet2	src/mnemonics/language_base.h:149	Duplicate prefix in EnglishOld word list: perf
2022-06-28 11:20:24.646	    7ff91c33e500	WARNING	wallet.wallet2	src/mnemonics/language_base.h:149	Duplicate prefix in EnglishOld word list: cons
2022-06-28 11:20:24.646	    7ff91c33e500	WARNING	wallet.wallet2	src/mnemonics/language_base.h:149	Duplicate prefix in EnglishOld word list: eter
2022-06-28 11:20:24.646	    7ff91c33e500	WARNING	wallet.wallet2	src/mnemonics/language_base.h:149	Duplicate prefix in EnglishOld word list: floo
2022-06-28 11:20:24.646	    7ff91c33e500	WARNING	wallet.wallet2	src/mnemonics/language_base.h:149	Duplicate prefix in EnglishOld word list: scre
2022-06-28 11:20:24.646	    7ff91c33e500	WARNING	wallet.wallet2	src/mnemonics/language_base.h:149	Duplicate prefix in EnglishOld word list: buil
2022-06-28 11:20:24.646	    7ff91c33e500	WARNING	wallet.wallet2	src/mnemonics/language_base.h:149	Duplicate prefix in EnglishOld word list: desp
2022-06-28 11:20:24.647	    7ff91c33e500	WARNING	wallet.wallet2	src/mnemonics/language_base.h:149	Duplicate prefix in EnglishOld word list: mess
2022-06-28 11:20:24.647	    7ff91c33e500	WARNING	wallet.wallet2	src/mnemonics/language_base.h:149	Duplicate prefix in EnglishOld word list: stri
2022-06-28 11:20:24.647	    7ff91c33e500	WARNING	wallet.wallet2	src/mnemonics/language_base.h:149	Duplicate prefix in EnglishOld word list: clea
2022-06-28 11:20:24.647	    7ff91c33e500	WARNING	wallet.wallet2	src/mnemonics/language_base.h:149	Duplicate prefix in EnglishOld word list: imag
2022-06-28 11:20:24.647	    7ff91c33e500	WARNING	wallet.wallet2	src/mnemonics/language_base.h:149	Duplicate prefix in EnglishOld word list: less
2022-06-28 11:20:24.647	    7ff91c33e500	WARNING	wallet.wallet2	src/mnemonics/language_base.h:149	Duplicate prefix in EnglishOld word list: stro
2022-06-28 11:20:24.648	    7ff91c33e500	WARNING	wallet.wallet2	src/mnemonics/language_base.h:149	Duplicate prefix in EnglishOld word list: bloo
2022-06-28 11:20:24.648	    7ff91c33e500	WARNING	wallet.wallet2	src/mnemonics/language_base.h:149	Duplicate prefix in EnglishOld word list: foot
2022-06-28 11:20:24.648	    7ff91c33e500	WARNING	wallet.wallet2	src/mnemonics/language_base.h:149	Duplicate prefix in EnglishOld word list: rela
2022-06-28 11:20:24.648	    7ff91c33e500	WARNING	wallet.wallet2	src/mnemonics/language_base.h:149	Duplicate prefix in EnglishOld word list: sudd
2022-06-28 11:20:24.648	    7ff91c33e500	WARNING	wallet.wallet2	src/mnemonics/language_base.h:149	Duplicate prefix in EnglishOld word list: admi
2022-06-28 11:20:24.648	    7ff91c33e500	WARNING	wallet.wallet2	src/mnemonics/language_base.h:149	Duplicate prefix in EnglishOld word list: blin
2022-06-28 11:20:24.648	    7ff91c33e500	WARNING	wallet.wallet2	src/mnemonics/language_base.h:149	Duplicate prefix in EnglishOld word list: brea
2022-06-28 11:20:24.649	    7ff91c33e500	WARNING	wallet.wallet2	src/mnemonics/language_base.h:149	Duplicate prefix in EnglishOld word list: cons
2022-06-28 11:20:24.649	    7ff91c33e500	WARNING	wallet.wallet2	src/mnemonics/language_base.h:149	Duplicate prefix in EnglishOld word list: cree
2022-06-28 11:20:24.649	    7ff91c33e500	WARNING	wallet.wallet2	src/mnemonics/language_base.h:149	Duplicate prefix in EnglishOld word list: diff
2022-06-28 11:20:24.649	    7ff91c33e500	WARNING	wallet.wallet2	src/mnemonics/language_base.h:149	Duplicate prefix in EnglishOld word list: empt
2022-06-28 11:20:24.649	    7ff91c33e500	WARNING	wallet.wallet2	src/mnemonics/language_base.h:149	Duplicate prefix in EnglishOld word list: plan
2022-06-28 11:20:24.649	    7ff91c33e500	WARNING	wallet.wallet2	src/mnemonics/language_base.h:149	Duplicate prefix in EnglishOld word list: some
2022-06-28 11:20:24.649	    7ff91c33e500	WARNING	wallet.wallet2	src/mnemonics/language_base.h:149	Duplicate prefix in EnglishOld word list: tigh
2022-06-28 11:20:24.649	    7ff91c33e500	WARNING	wallet.wallet2	src/mnemonics/language_base.h:149	Duplicate prefix in EnglishOld word list: brea
2022-06-28 11:20:24.650	    7ff91c33e500	WARNING	wallet.wallet2	src/mnemonics/language_base.h:149	Duplicate prefix in EnglishOld word list: dese
2022-06-28 11:20:24.650	    7ff91c33e500	WARNING	wallet.wallet2	src/mnemonics/language_base.h:149	Duplicate prefix in EnglishOld word list: gran
2022-06-28 11:20:24.650	    7ff91c33e500	WARNING	wallet.wallet2	src/mnemonics/language_base.h:149	Duplicate prefix in EnglishOld word list: plea
2022-06-28 11:20:24.650	    7ff91c33e500	WARNING	wallet.wallet2	src/mnemonics/language_base.h:149	Duplicate prefix in EnglishOld word list: powe
2022-06-28 11:20:24.650	    7ff91c33e500	WARNING	wallet.wallet2	src/mnemonics/language_base.h:149	Duplicate prefix in EnglishOld word list: thre
2022-06-28 11:20:24.650	    7ff91c33e500	WARNING	wallet.wallet2	src/mnemonics/language_base.h:149	Duplicate prefix in EnglishOld word list: blan
2022-06-28 11:20:24.651	    7ff91c33e500	WARNING	wallet.wallet2	src/mnemonics/language_base.h:149	Duplicate prefix in EnglishOld word list: butt
2022-06-28 11:20:24.651	    7ff91c33e500	WARNING	wallet.wallet2	src/mnemonics/language_base.h:149	Duplicate prefix in EnglishOld word list: care
2022-06-28 11:20:24.651	    7ff91c33e500	WARNING	wallet.wallet2	src/mnemonics/language_base.h:149	Duplicate prefix in EnglishOld word list: comp
2022-06-28 11:20:24.651	    7ff91c33e500	WARNING	wallet.wallet2	src/mnemonics/language_base.h:149	Duplicate prefix in EnglishOld word list: deep
2022-06-28 11:20:24.651	    7ff91c33e500	WARNING	wallet.wallet2	src/mnemonics/language_base.h:149	Duplicate prefix in EnglishOld word list: drea
2022-06-28 11:20:24.651	    7ff91c33e500	WARNING	wallet.wallet2	src/mnemonics/language_base.h:149	Duplicate prefix in EnglishOld word list: gott
2022-06-28 11:20:24.651	    7ff91c33e500	WARNING	wallet.wallet2	src/mnemonics/language_base.h:149	Duplicate prefix in EnglishOld word list: gree
2022-06-28 11:20:24.651	    7ff91c33e500	WARNING	wallet.wallet2	src/mnemonics/language_base.h:149	Duplicate prefix in EnglishOld word list: repl
2022-06-28 11:20:24.652	    7ff91c33e500	WARNING	wallet.wallet2	src/mnemonics/language_base.h:149	Duplicate prefix in EnglishOld word list: spin
2022-06-28 11:20:24.652	    7ff91c33e500	WARNING	wallet.wallet2	src/mnemonics/language_base.h:149	Duplicate prefix in EnglishOld word list: chil
2022-06-28 11:20:24.652	    7ff91c33e500	WARNING	wallet.wallet2	src/mnemonics/language_base.h:149	Duplicate prefix in EnglishOld word list: coll
2022-06-28 11:20:24.652	    7ff91c33e500	WARNING	wallet.wallet2	src/mnemonics/language_base.h:149	Duplicate prefix in EnglishOld word list: depr
2022-06-28 11:20:24.652	    7ff91c33e500	WARNING	wallet.wallet2	src/mnemonics/language_base.h:149	Duplicate prefix in EnglishOld word list: even
2022-06-28 11:20:24.652	    7ff91c33e500	WARNING	wallet.wallet2	src/mnemonics/language_base.h:149	Duplicate prefix in EnglishOld word list: grou
2022-06-28 11:20:24.652	    7ff91c33e500	WARNING	wallet.wallet2	src/mnemonics/language_base.h:149	Duplicate prefix in EnglishOld word list: hone
2022-06-28 11:20:24.653	    7ff91c33e500	WARNING	wallet.wallet2	src/mnemonics/language_base.h:149	Duplicate prefix in EnglishOld word list: nerv
2022-06-28 11:20:24.653	    7ff91c33e500	WARNING	wallet.wallet2	src/mnemonics/language_base.h:149	Duplicate prefix in EnglishOld word list: pain
2022-06-28 11:20:24.653	    7ff91c33e500	WARNING	wallet.wallet2	src/mnemonics/language_base.h:149	Duplicate prefix in EnglishOld word list: poet
2022-06-28 11:20:24.653	    7ff91c33e500	WARNING	wallet.wallet2	src/mnemonics/language_base.h:149	Duplicate prefix in EnglishOld word list: prin
2022-06-28 11:20:24.653	    7ff91c33e500	WARNING	wallet.wallet2	src/mnemonics/language_base.h:149	Duplicate prefix in EnglishOld word list: show
2022-06-28 11:20:24.653	    7ff91c33e500	WARNING	wallet.wallet2	src/mnemonics/language_base.h:149	Duplicate prefix in EnglishOld word list: stai
2022-06-28 11:20:24.653	    7ff91c33e500	WARNING	wallet.wallet2	src/mnemonics/language_base.h:149	Duplicate prefix in EnglishOld word list: stea
2022-06-28 11:20:24.653	    7ff91c33e500	WARNING	wallet.wallet2	src/mnemonics/language_base.h:149	Duplicate prefix in EnglishOld word list: trea
2022-06-28 11:20:24.654	    7ff91c33e500	WARNING	wallet.wallet2	src/mnemonics/language_base.h:149	Duplicate prefix in EnglishOld word list: chee
2022-06-28 11:20:24.654	    7ff91c33e500	WARNING	wallet.wallet2	src/mnemonics/language_base.h:149	Duplicate prefix in EnglishOld word list: crim
2022-06-28 11:20:24.654	    7ff91c33e500	WARNING	wallet.wallet2	src/mnemonics/language_base.h:149	Duplicate prefix in EnglishOld word list: exis
2022-06-28 11:20:24.654	    7ff91c33e500	WARNING	wallet.wallet2	src/mnemonics/language_base.h:149	Duplicate prefix in EnglishOld word list: foot
2022-06-28 11:20:24.654	    7ff91c33e500	WARNING	wallet.wallet2	src/mnemonics/language_base.h:149	Duplicate prefix in EnglishOld word list: illu
2022-06-28 11:20:24.654	    7ff91c33e500	WARNING	wallet.wallet2	src/mnemonics/language_base.h:149	Duplicate prefix in EnglishOld word list: stud
2022-06-28 11:20:24.654	    7ff91c33e500	WARNING	wallet.wallet2	src/mnemonics/language_base.h:149	Duplicate prefix in EnglishOld word list: supp
2022-06-28 11:20:24.655	    7ff91c33e500	WARNING	wallet.wallet2	src/mnemonics/language_base.h:149	Duplicate prefix in EnglishOld word list: appr
2022-06-28 11:20:24.655	    7ff91c33e500	WARNING	wallet.wallet2	src/mnemonics/language_base.h:149	Duplicate prefix in EnglishOld word list: coll
2022-06-28 11:20:24.655	    7ff91c33e500	WARNING	wallet.wallet2	src/mnemonics/language_base.h:149	Duplicate prefix in EnglishOld word list: conf
2022-06-28 11:20:24.655	    7ff91c33e500	WARNING	wallet.wallet2	src/mnemonics/language_base.h:149	Duplicate prefix in EnglishOld word list: crea
2022-06-28 11:20:24.655	    7ff91c33e500	WARNING	wallet.wallet2	src/mnemonics/language_base.h:149	Duplicate prefix in EnglishOld word list: girl
2022-06-28 11:20:24.655	    7ff91c33e500	WARNING	wallet.wallet2	src/mnemonics/language_base.h:149	Duplicate prefix in EnglishOld word list: moon
2022-06-28 11:20:24.655	    7ff91c33e500	WARNING	wallet.wallet2	src/mnemonics/language_base.h:149	Duplicate prefix in EnglishOld word list: peac
2022-06-28 11:20:24.656	    7ff91c33e500	WARNING	wallet.wallet2	src/mnemonics/language_base.h:149	Duplicate prefix in EnglishOld word list: scre
2022-06-28 11:20:24.656	    7ff91c33e500	WARNING	wallet.wallet2	src/mnemonics/language_base.h:149	Duplicate prefix in EnglishOld word list: thro
2022-06-28 11:20:24.656	    7ff91c33e500	WARNING	wallet.wallet2	src/mnemonics/language_base.h:149	Duplicate prefix in EnglishOld word list: thro
2022-06-28 11:20:24.656	    7ff91c33e500	WARNING	wallet.wallet2	src/mnemonics/language_base.h:149	Duplicate prefix in EnglishOld word list: cour
2022-06-28 11:20:24.656	    7ff91c33e500	WARNING	wallet.wallet2	src/mnemonics/language_base.h:149	Duplicate prefix in EnglishOld word list: natu
2022-06-28 11:20:24.656	    7ff91c33e500	WARNING	wallet.wallet2	src/mnemonics/language_base.h:149	Duplicate prefix in EnglishOld word list: near
2022-06-28 11:20:24.657	    7ff91c33e500	WARNING	wallet.wallet2	src/mnemonics/language_base.h:149	Duplicate prefix in EnglishOld word list: need
2022-06-28 11:20:24.657	    7ff91c33e500	WARNING	wallet.wallet2	src/mnemonics/language_base.h:149	Duplicate prefix in EnglishOld word list: peac
2022-06-28 11:20:24.657	    7ff91c33e500	WARNING	wallet.wallet2	src/mnemonics/language_base.h:149	Duplicate prefix in EnglishOld word list: perf
2022-06-28 11:20:24.657	    7ff91c33e500	WARNING	wallet.wallet2	src/mnemonics/language_base.h:149	Duplicate prefix in EnglishOld word list: shin
2022-06-28 11:20:24.657	    7ff91c33e500	WARNING	wallet.wallet2	src/mnemonics/language_base.h:149	Duplicate prefix in EnglishOld word list: shoo
2022-06-28 11:20:24.657	    7ff91c33e500	WARNING	wallet.wallet2	src/mnemonics/language_base.h:149	Duplicate prefix in EnglishOld word list: stol
2022-06-28 11:20:24.657	    7ff91c33e500	WARNING	wallet.wallet2	src/mnemonics/language_base.h:149	Duplicate prefix in EnglishOld word list: boun
2022-06-28 11:20:24.658	    7ff91c33e500	WARNING	wallet.wallet2	src/mnemonics/language_base.h:149	Duplicate prefix in EnglishOld word list: deci
2022-06-28 11:20:24.658	    7ff91c33e500	WARNING	wallet.wallet2	src/mnemonics/language_base.h:149	Duplicate prefix in EnglishOld word list: desp
2022-06-28 11:20:24.658	    7ff91c33e500	WARNING	wallet.wallet2	src/mnemonics/language_base.h:149	Duplicate prefix in EnglishOld word list: hear
2022-06-28 11:20:24.658	    7ff91c33e500	WARNING	wallet.wallet2	src/mnemonics/language_base.h:149	Duplicate prefix in EnglishOld word list: quie
2022-06-28 11:20:24.658	    7ff91c33e500	WARNING	wallet.wallet2	src/mnemonics/language_base.h:149	Duplicate prefix in EnglishOld word list: sent
2022-06-28 11:20:24.658	    7ff91c33e500	WARNING	wallet.wallet2	src/mnemonics/language_base.h:149	Duplicate prefix in EnglishOld word list: stra
2022-06-28 11:20:24.658	    7ff91c33e500	WARNING	wallet.wallet2	src/mnemonics/language_base.h:149	Duplicate prefix in EnglishOld word list: unde
2022-06-28 11:20:24.659	    7ff91c33e500	WARNING	wallet.wallet2	src/mnemonics/language_base.h:149	Duplicate prefix in EnglishOld word list: whis
2022-06-28 11:20:24.659	    7ff91c33e500	WARNING	wallet.wallet2	src/mnemonics/language_base.h:149	Duplicate prefix in EnglishOld word list: anyw
2022-06-28 11:20:24.659	    7ff91c33e500	WARNING	wallet.wallet2	src/mnemonics/language_base.h:149	Duplicate prefix in EnglishOld word list: bloo
2022-06-28 11:20:24.659	    7ff91c33e500	WARNING	wallet.wallet2	src/mnemonics/language_base.h:149	Duplicate prefix in EnglishOld word list: care
2022-06-28 11:20:24.659	    7ff91c33e500	WARNING	wallet.wallet2	src/mnemonics/language_base.h:149	Duplicate prefix in EnglishOld word list: comp
2022-06-28 11:20:24.659	    7ff91c33e500	WARNING	wallet.wallet2	src/mnemonics/language_base.h:149	Duplicate prefix in EnglishOld word list: desc
2022-06-28 11:20:24.659	    7ff91c33e500	WARNING	wallet.wallet2	src/mnemonics/language_base.h:149	Duplicate prefix in EnglishOld word list: doub
2022-06-28 11:20:24.659	    7ff91c33e500	WARNING	wallet.wallet2	src/mnemonics/language_base.h:149	Duplicate prefix in EnglishOld word list: drea
2022-06-28 11:20:24.660	    7ff91c33e500	WARNING	wallet.wallet2	src/mnemonics/language_base.h:149	Duplicate prefix in EnglishOld word list: driv
2022-06-28 11:20:24.660	    7ff91c33e500	WARNING	wallet.wallet2	src/mnemonics/language_base.h:149	Duplicate prefix in EnglishOld word list: even
2022-06-28 11:20:24.660	    7ff91c33e500	WARNING	wallet.wallet2	src/mnemonics/language_base.h:149	Duplicate prefix in EnglishOld word list: gran
2022-06-28 11:20:24.660	    7ff91c33e500	WARNING	wallet.wallet2	src/mnemonics/language_base.h:149	Duplicate prefix in EnglishOld word list: hung
2022-06-28 11:20:24.660	    7ff91c33e500	WARNING	wallet.wallet2	src/mnemonics/language_base.h:149	Duplicate prefix in EnglishOld word list: show
2022-06-28 11:20:24.660	    7ff91c33e500	WARNING	wallet.wallet2	src/mnemonics/language_base.h:149	Duplicate prefix in EnglishOld word list: weak
2022-06-28 11:20:24.660	    7ff91c33e500	WARNING	wallet.wallet2	src/mnemonics/language_base.h:149	Duplicate prefix in EnglishOld word list: wors
2022-06-28 11:20:24.661	    7ff91c33e500	WARNING	wallet.wallet2	src/mnemonics/language_base.h:149	Duplicate prefix in EnglishOld word list: wort
2022-06-28 11:20:24.661	    7ff91c33e500	WARNING	wallet.wallet2	src/mnemonics/language_base.h:149	Duplicate prefix in EnglishOld word list: afte
2022-06-28 11:20:24.661	    7ff91c33e500	WARNING	wallet.wallet2	src/mnemonics/language_base.h:149	Duplicate prefix in EnglishOld word list: conc
2022-06-28 11:20:24.661	    7ff91c33e500	WARNING	wallet.wallet2	src/mnemonics/language_base.h:149	Duplicate prefix in EnglishOld word list: draw
2022-06-28 11:20:24.661	    7ff91c33e500	WARNING	wallet.wallet2	src/mnemonics/language_base.h:149	Duplicate prefix in EnglishOld word list: free
2022-06-28 11:20:24.661	    7ff91c33e500	WARNING	wallet.wallet2	src/mnemonics/language_base.h:149	Duplicate prefix in EnglishOld word list: harm
2022-06-28 11:20:24.661	    7ff91c33e500	WARNING	wallet.wallet2	src/mnemonics/language_base.h:149	Duplicate prefix in EnglishOld word list: hope
2022-06-28 11:20:24.662	    7ff91c33e500	WARNING	wallet.wallet2	src/mnemonics/language_base.h:149	Duplicate prefix in EnglishOld word list: quit
2022-06-28 11:20:24.662	    7ff91c33e500	WARNING	wallet.wallet2	src/mnemonics/language_base.h:149	Duplicate prefix in EnglishOld word list: resp
2022-06-28 11:20:24.662	    7ff91c33e500	WARNING	wallet.wallet2	src/mnemonics/language_base.h:149	Duplicate prefix in EnglishOld word list: salt
2022-06-28 11:20:24.662	    7ff91c33e500	WARNING	wallet.wallet2	src/mnemonics/language_base.h:149	Duplicate prefix in EnglishOld word list: shee
2022-06-28 11:20:24.662	    7ff91c33e500	WARNING	wallet.wallet2	src/mnemonics/language_base.h:149	Duplicate prefix in EnglishOld word list: soci
2022-06-28 11:20:24.662	    7ff91c33e500	WARNING	wallet.wallet2	src/mnemonics/language_base.h:149	Duplicate prefix in EnglishOld word list: awak
2022-06-28 11:20:24.662	    7ff91c33e500	WARNING	wallet.wallet2	src/mnemonics/language_base.h:149	Duplicate prefix in EnglishOld word list: beli
2022-06-28 11:20:24.663	    7ff91c33e500	WARNING	wallet.wallet2	src/mnemonics/language_base.h:149	Duplicate prefix in EnglishOld word list: bran
2022-06-28 11:20:24.663	    7ff91c33e500	WARNING	wallet.wallet2	src/mnemonics/language_base.h:149	Duplicate prefix in EnglishOld word list: chee
2022-06-28 11:20:24.663	    7ff91c33e500	WARNING	wallet.wallet2	src/mnemonics/language_base.h:149	Duplicate prefix in EnglishOld word list: conf
2022-06-28 11:20:24.663	    7ff91c33e500	WARNING	wallet.wallet2	src/mnemonics/language_base.h:149	Duplicate prefix in EnglishOld word list: conn
2022-06-28 11:20:24.663	    7ff91c33e500	WARNING	wallet.wallet2	src/mnemonics/language_base.h:149	Duplicate prefix in EnglishOld word list: ever
2022-06-28 11:20:24.663	    7ff91c33e500	WARNING	wallet.wallet2	src/mnemonics/language_base.h:149	Duplicate prefix in EnglishOld word list: expr
2022-06-28 11:20:24.663	    7ff91c33e500	WARNING	wallet.wallet2	src/mnemonics/language_base.h:149	Duplicate prefix in EnglishOld word list: glor
2022-06-28 11:20:24.663	    7ff91c33e500	WARNING	wallet.wallet2	src/mnemonics/language_base.h:149	Duplicate prefix in EnglishOld word list: igno
2022-06-28 11:20:24.664	    7ff91c33e500	WARNING	wallet.wallet2	src/mnemonics/language_base.h:149	Duplicate prefix in EnglishOld word list: migh
2022-06-28 11:20:24.664	    7ff91c33e500	WARNING	wallet.wallet2	src/mnemonics/language_base.h:149	Duplicate prefix in EnglishOld word list: pati
2022-06-28 11:20:24.664	    7ff91c33e500	WARNING	wallet.wallet2	src/mnemonics/language_base.h:149	Duplicate prefix in EnglishOld word list: poss
2022-06-28 11:20:24.664	    7ff91c33e500	WARNING	wallet.wallet2	src/mnemonics/language_base.h:149	Duplicate prefix in EnglishOld word list: stri
2022-06-28 11:20:24.664	    7ff91c33e500	WARNING	wallet.wallet2	src/mnemonics/language_base.h:149	Duplicate prefix in EnglishOld word list: stri
2022-06-28 11:20:24.664	    7ff91c33e500	WARNING	wallet.wallet2	src/mnemonics/language_base.h:149	Duplicate prefix in EnglishOld word list: suff
2022-06-28 11:20:24.665	    7ff91c33e500	WARNING	wallet.wallet2	src/mnemonics/language_base.h:149	Duplicate prefix in EnglishOld word list: cert
2022-06-28 11:20:24.665	    7ff91c33e500	WARNING	wallet.wallet2	src/mnemonics/language_base.h:149	Duplicate prefix in EnglishOld word list: comp
2022-06-28 11:20:24.665	    7ff91c33e500	WARNING	wallet.wallet2	src/mnemonics/language_base.h:149	Duplicate prefix in EnglishOld word list: crea
2022-06-28 11:20:24.665	    7ff91c33e500	WARNING	wallet.wallet2	src/mnemonics/language_base.h:149	Duplicate prefix in EnglishOld word list: deli
2022-06-28 11:20:24.665	    7ff91c33e500	WARNING	wallet.wallet2	src/mnemonics/language_base.h:149	Duplicate prefix in EnglishOld word list: drag
2022-06-28 11:20:24.665	    7ff91c33e500	WARNING	wallet.wallet2	src/mnemonics/language_base.h:149	Duplicate prefix in EnglishOld word list: ever
2022-06-28 11:20:24.665	    7ff91c33e500	WARNING	wallet.wallet2	src/mnemonics/language_base.h:149	Duplicate prefix in EnglishOld word list: fore
2022-06-28 11:20:24.666	    7ff91c33e500	WARNING	wallet.wallet2	src/mnemonics/language_base.h:149	Duplicate prefix in EnglishOld word list: form
2022-06-28 11:20:24.666	    7ff91c33e500	WARNING	wallet.wallet2	src/mnemonics/language_base.h:149	Duplicate prefix in EnglishOld word list: frig
2022-06-28 11:20:24.666	    7ff91c33e500	WARNING	wallet.wallet2	src/mnemonics/language_base.h:149	Duplicate prefix in EnglishOld word list: invi
2022-06-28 11:20:24.666	    7ff91c33e500	WARNING	wallet.wallet2	src/mnemonics/language_base.h:149	Duplicate prefix in EnglishOld word list: poss
2022-06-28 11:20:24.666	    7ff91c33e500	WARNING	wallet.wallet2	src/mnemonics/language_base.h:149	Duplicate prefix in EnglishOld word list: scar
2022-06-28 11:20:24.666	    7ff91c33e500	WARNING	wallet.wallet2	src/mnemonics/language_base.h:149	Duplicate prefix in EnglishOld word list: seve
2022-06-28 11:20:24.666	    7ff91c33e500	WARNING	wallet.wallet2	src/mnemonics/language_base.h:149	Duplicate prefix in EnglishOld word list: slig
2022-06-28 11:20:24.666	    7ff91c33e500	WARNING	wallet.wallet2	src/mnemonics/language_base.h:149	Duplicate prefix in EnglishOld word list: terr
2022-06-28 11:20:24.667	    7ff91c33e500	WARNING	wallet.wallet2	src/mnemonics/language_base.h:149	Duplicate prefix in EnglishOld word list: thre
2022-06-28 11:20:24.667	    7ff91c33e500	WARNING	wallet.wallet2	src/mnemonics/language_base.h:149	Duplicate prefix in EnglishOld word list: tric
2022-06-28 11:20:24.667	    7ff91c33e500	WARNING	wallet.wallet2	src/mnemonics/language_base.h:149	Duplicate prefix in EnglishOld word list: char
2022-06-28 11:20:24.667	    7ff91c33e500	WARNING	wallet.wallet2	src/mnemonics/language_base.h:149	Duplicate prefix in EnglishOld word list: chea
2022-06-28 11:20:24.667	    7ff91c33e500	WARNING	wallet.wallet2	src/mnemonics/language_base.h:149	Duplicate prefix in EnglishOld word list: comm
2022-06-28 11:20:24.667	    7ff91c33e500	WARNING	wallet.wallet2	src/mnemonics/language_base.h:149	Duplicate prefix in EnglishOld word list: comp
2022-06-28 11:20:24.667	    7ff91c33e500	WARNING	wallet.wallet2	src/mnemonics/language_base.h:149	Duplicate prefix in EnglishOld word list: crea
2022-06-28 11:20:24.667	    7ff91c33e500	WARNING	wallet.wallet2	src/mnemonics/language_base.h:149	Duplicate prefix in EnglishOld word list: defe
2022-06-28 11:20:24.668	    7ff91c33e500	WARNING	wallet.wallet2	src/mnemonics/language_base.h:149	Duplicate prefix in EnglishOld word list: desp
2022-06-28 11:20:24.668	    7ff91c33e500	WARNING	wallet.wallet2	src/mnemonics/language_base.h:149	Duplicate prefix in EnglishOld word list: dest
2022-06-28 11:20:24.668	    7ff91c33e500	WARNING	wallet.wallet2	src/mnemonics/language_base.h:149	Duplicate prefix in EnglishOld word list: dust
2022-06-28 11:20:24.668	    7ff91c33e500	WARNING	wallet.wallet2	src/mnemonics/language_base.h:149	Duplicate prefix in EnglishOld word list: expl
2022-06-28 11:20:24.668	    7ff91c33e500	WARNING	wallet.wallet2	src/mnemonics/language_base.h:149	Duplicate prefix in EnglishOld word list: free
2022-06-28 11:20:24.668	    7ff91c33e500	WARNING	wallet.wallet2	src/mnemonics/language_base.h:149	Duplicate prefix in EnglishOld word list: guil
2022-06-28 11:20:24.668	    7ff91c33e500	WARNING	wallet.wallet2	src/mnemonics/language_base.h:149	Duplicate prefix in EnglishOld word list: heal
2022-06-28 11:20:24.669	    7ff91c33e500	WARNING	wallet.wallet2	src/mnemonics/language_base.h:149	Duplicate prefix in EnglishOld word list: impo
2022-06-28 11:20:24.669	    7ff91c33e500	WARNING	wallet.wallet2	src/mnemonics/language_base.h:149	Duplicate prefix in EnglishOld word list: king
2022-06-28 11:20:24.669	    7ff91c33e500	WARNING	wallet.wallet2	src/mnemonics/language_base.h:149	Duplicate prefix in EnglishOld word list: mist
2022-06-28 11:20:24.669	    7ff91c33e500	WARNING	wallet.wallet2	src/mnemonics/language_base.h:149	Duplicate prefix in EnglishOld word list: path
2022-06-28 11:20:24.669	    7ff91c33e500	WARNING	wallet.wallet2	src/mnemonics/language_base.h:149	Duplicate prefix in EnglishOld word list: reve
2022-06-28 11:20:24.669	    7ff91c33e500	WARNING	wallet.wallet2	src/mnemonics/language_base.h:149	Duplicate prefix in EnglishOld word list: scra
2022-06-28 11:20:24.669	    7ff91c33e500	WARNING	wallet.wallet2	src/mnemonics/language_base.h:149	Duplicate prefix in EnglishOld word list: spir
2022-06-28 11:20:24.669	    7ff91c33e500	WARNING	wallet.wallet2	src/mnemonics/language_base.h:149	Duplicate prefix in EnglishOld word list: stra
2022-06-28 11:20:24.670	    7ff91c33e500	WARNING	wallet.wallet2	src/mnemonics/language_base.h:149	Duplicate prefix in EnglishOld word list: thro
2022-06-28 11:20:36.861	    7f6046ed7500	INFO	logging	contrib/epee/src/mlog.cpp:273	New log categories: *:WARNING,net:FATAL,net.http:FATAL,net.ssl:FATAL,net.p2p:FATAL,net.cn:FATAL,daemon.rpc:FATAL,global:INFO,verify:FATAL,serialization:FATAL,daemon.rpc.payment:ERROR,stacktrace:INFO,logging:INFO,msgwriter:INFO
2022-06-28 11:21:01.653	    7f6036ffd640	ERROR	util	src/common/util.cpp:109	Error locking fd 32: 11 (Resource temporarily unavailable)
2022-06-28 11:21:01.653	    7f6036ffd640	ERROR	util	src/common/util.cpp:274	Failed to lock /home/icarus/.monero/wallets/wallet_1.keys: Resource temporarily unavailable
2022-06-28 11:21:01.654	    7f6036ffd640	ERROR	wallet.wallet2	src/wallet/wallet2.cpp:6157	!is_keys_file_locked(). THROW EXCEPTION: error::wallet_internal_error
2022-06-28 11:21:01.655	    7f6036ffd640	ERROR	WalletAPI	src/wallet/api/wallet.cpp:715	Error opening wallet: internal error: "/home/icarus/.monero/wallets/wallet_1.keys" is opened by another wallet program
2022-06-28 11:21:07.065	    7ff90356f640	WARNING	wallet.wallet2	src/wallet/wallet2.cpp:1937	Transaction extra has unsupported format: <0ec97f9b06e72874664ac45d6bd47c3a0f811f5a7192a7fd3febbdd78972b93d>
2022-06-28 11:21:07.066	    7ff903a70640	WARNING	wallet.wallet2	src/wallet/wallet2.cpp:1937	Transaction extra has unsupported format: <198ec3b47475fa4f923a03b9644b5a47dd3dd034296684d58f3013586b89fc2f>
2022-06-28 11:21:07.069	    7ff90356f640	WARNING	wallet.wallet2	src/wallet/wallet2.cpp:1937	Transaction extra has unsupported format: <d3b54a3057503fe5ad9b01a11f36352d81016567f49f35ede314a31126d4bf61>
2022-06-28 11:21:07.072	    7ff90356f640	WARNING	wallet.wallet2	src/wallet/wallet2.cpp:1937	Transaction extra has unsupported format: <e60bd58dafec4fc7313fd2936e355f03b1f72503375f6ffde5b366681341b2bd>
2022-06-28 11:21:07.074	    7ff90356f640	WARNING	wallet.wallet2	src/wallet/wallet2.cpp:1937	Transaction extra has unsupported format: <b5a9a898551ea76b655f369c2dd607847928a9f0de681542fd1ec8a93bc78da4>
2022-06-28 11:21:07.075	    7ff90356f640	WARNING	wallet.wallet2	src/wallet/wallet2.cpp:1937	Transaction extra has unsupported format: <fae3f213ddfd1b5fb02ef16a1cb20740f48df795ca02042683ebe135aeaa9ce4>
2022-06-28 11:21:07.081	    7ff90356f640	WARNING	wallet.wallet2	src/wallet/wallet2.cpp:1937	Transaction extra has unsupported format: <f5cefbf04e9ef6445c9fbacdb062ba88bf7b540591a9752971fa558e8715dc84>
2022-06-28 11:21:07.084	    7ff90356f640	WARNING	wallet.wallet2	src/wallet/wallet2.cpp:1937	Transaction extra has unsupported format: <668b0d45ca5b49e1c783a4c03ce9d38bfc4aa32f61ee81260a8a2d2ab45013b6>
2022-06-28 11:21:07.085	    7ff903a70640	WARNING	wallet.wallet2	src/wallet/wallet2.cpp:1937	Transaction extra has unsupported format: <c902a98e42abf1ca4caadd90e75642dff1297a3932ac20d96a573927965caac1>
2022-06-28 11:21:07.086	    7ff91a9ff640	WARNING	wallet.wallet2	src/wallet/wallet2.cpp:1937	Transaction extra has unsupported format: <bd3d6347936c90b36e5ad00df88277f3f4d41b4782abd7be4236a2a96a224786>
2022-06-28 11:21:07.087	    7ff91a9ff640	WARNING	wallet.wallet2	src/wallet/wallet2.cpp:1937	Transaction extra has unsupported format: <84e8306d736473d04b6d1e68066d2d6e502152628509507a803728deb7219af6>
2022-06-28 11:21:07.088	    7ff90356f640	WARNING	wallet.wallet2	src/wallet/wallet2.cpp:1937	Transaction extra has unsupported format: <28a9d344bb754d8aaaf524bec3e990544b21dbb93a7e07c22f8f8e45ae16371e>
2022-06-28 11:21:07.089	    7ff90356f640	WARNING	wallet.wallet2	src/wallet/wallet2.cpp:1937	Transaction extra has unsupported format: <04898d8672324e25ea61d0023d5539fca98b638b412b21d1826c623f00ba907f>
2022-06-28 11:21:07.090	    7ff903a70640	WARNING	wallet.wallet2	src/wallet/wallet2.cpp:1937	Transaction extra has unsupported format: <1071eeb9e947a446a29f281c14c29900188b6381b8bfb1cf5486ac417e521686>
2022-06-28 11:21:07.091	    7ff90356f640	WARNING	wallet.wallet2	src/wallet/wallet2.cpp:1937	Transaction extra has unsupported format: <6439f592b949868fd892d70d616416367dca996d3e86490c65ce5320f1fba7c0>
2022-06-28 11:21:07.091	    7ff91a9ff640	WARNING	wallet.wallet2	src/wallet/wallet2.cpp:1937	Transaction extra has unsupported format: <8e97bab95355fe0439dd4611d87464743197daf006b25eef7d66a588daaf6ac2>
2022-06-28 11:21:07.092	    7ff90356f640	WARNING	wallet.wallet2	src/wallet/wallet2.cpp:1937	Transaction extra has unsupported format: <be7b89ebb6e91b6e4e86354d07d7b6d6fba30889de9b996418240ab49f5ae2b2>
2022-06-28 11:21:07.093	    7ff90356f640	WARNING	wallet.wallet2	src/wallet/wallet2.cpp:1937	Transaction extra has unsupported format: <67a5bd2b6fbdc8f4fefb5207b94ac11587c80e0a303fba23608caa0e1e447320>
2022-06-28 11:21:07.094	    7ff90356f640	WARNING	wallet.wallet2	src/wallet/wallet2.cpp:1937	Transaction extra has unsupported format: <6a0f3de3ec71073bb4b295b3cabcd651a4a2eade63b47e276d7dcb13ad5bd83f>
2022-06-28 11:21:07.095	    7ff90356f640	WARNING	wallet.wallet2	src/wallet/wallet2.cpp:1937	Transaction extra has unsupported format: <8be195e270e518f3b793f8c41395a4d209f4432916cc75c7cf3743349e080402>
2022-06-28 11:21:07.096	    7ff90356f640	WARNING	wallet.wallet2	src/wallet/wallet2.cpp:1937	Transaction extra has unsupported format: <5db68a5d4bbd42d1d437720b71c8606a1bfa36f5bead270f45e75d0aa6830e7b>
2022-06-28 11:21:07.098	    7ff91a9ff640	WARNING	wallet.wallet2	src/wallet/wallet2.cpp:1937	Transaction extra has unsupported format: <276e38b7ba12b04563559efb85d928bd6935346107e5b637987e2fae58a4db7f>
2022-06-28 11:21:07.101	    7ff91a9ff640	WARNING	wallet.wallet2	src/wallet/wallet2.cpp:1937	Transaction extra has unsupported format: <316a8f1aa2c6aac63b4c0471cbe61ec1ebfbdb148eeaee601216d1c26c1ab1e4>
2022-06-28 11:21:07.103	    7ff90356f640	WARNING	wallet.wallet2	src/wallet/wallet2.cpp:1937	Transaction extra has unsupported format: <7fa4da9af1eb65da1a69ecc50b3defaa2c85de2bf1e5a29aeae0f31c77a2920b>
2022-06-28 11:21:07.105	    7ff91a9ff640	WARNING	wallet.wallet2	src/wallet/wallet2.cpp:1937	Transaction extra has unsupported format: <5f4e86040082a340ddcde61643487a83e7d40c7da1517f85ce19ab70f6a94047>
2022-06-28 11:21:07.109	    7ff90356f640	WARNING	wallet.wallet2	src/wallet/wallet2.cpp:1937	Transaction extra has unsupported format: <3d994f0efc15c7108c04eaad3070c383a4df9fc93520804a1d9e9ff40e0e0894>
2022-06-28 11:21:07.109	    7ff90356f640	WARNING	wallet.wallet2	src/wallet/wallet2.cpp:1937	Transaction extra has unsupported format: <7b9668342d8376096ad2b78ec690e9a7f55323fc222f8e6d2f029fd546eedc02>
2022-06-28 11:21:07.111	    7ff90356f640	WARNING	wallet.wallet2	src/wallet/wallet2.cpp:1937	Transaction extra has unsupported format: <a0b47cae604f80095448ef652367c77e541f1133ddd141f0cecb2f05421b20bb>
2022-06-28 11:21:07.113	    7ff91a9ff640	WARNING	wallet.wallet2	src/wallet/wallet2.cpp:1937	Transaction extra has unsupported format: <2c622249f2e34f55a687a1bce44e1c575a2a76ce0a264580e116d63b2d7827cc>
2022-06-28 11:21:07.115	    7ff903a70640	WARNING	wallet.wallet2	src/wallet/wallet2.cpp:1937	Transaction extra has unsupported format: <e5ea4539d25e4a659be8fd82cc99496d75dc94ebe0bf015566b73eb0b9ee8b5c>
2022-06-28 11:21:07.116	    7ff903a70640	WARNING	wallet.wallet2	src/wallet/wallet2.cpp:1937	Transaction extra has unsupported format: <769b9fb4c71a26f398066054fef57556a796533f8a0cc6a6b5fb724a97b09198>
2022-06-28 11:21:07.117	    7ff903a70640	WARNING	wallet.wallet2	src/wallet/wallet2.cpp:1937	Transaction extra has unsupported format: <6f77d6ab56e4674dd5c0773bc60148a3829108b9d46da30644bfc616de8b2382>
2022-06-28 11:21:07.119	    7ff903a70640	WARNING	wallet.wallet2	src/wallet/wallet2.cpp:1937	Transaction extra has unsupported format: <b6b348722c3419fab3a468779caf03bdbae6e89d304510f955957c87a2cb6936>
2022-06-28 11:21:07.120	    7ff903a70640	WARNING	wallet.wallet2	src/wallet/wallet2.cpp:1937	Transaction extra has unsupported format: <dd95251cd105f45485088d8ba9922a33ee14f452260124b649b1779f392d8fed>
2022-06-28 11:21:07.120	    7ff90356f640	WARNING	wallet.wallet2	src/wallet/wallet2.cpp:1937	Transaction extra has unsupported format: <7528f80835794ab84aed4bf097be1c6530ac41c6c793f120cdd188821782e905>
2022-06-28 11:21:22.223	    7f881da16500	INFO	logging	contrib/epee/src/mlog.cpp:273	New log categories: *:WARNING,net:FATAL,net.http:FATAL,net.ssl:FATAL,net.p2p:FATAL,net.cn:FATAL,daemon.rpc:FATAL,global:INFO,verify:FATAL,serialization:FATAL,daemon.rpc.payment:ERROR,stacktrace:INFO,logging:INFO,msgwriter:INFO
2022-06-28 11:21:39.256	    7f8815ffb640	WARNING	wallet.wallet2	src/wallet/wallet2.cpp:6165	Loaded wallet keys file, with public address: 44KQtJrq5W18ToRGtNYcd5fJgt66yskNMRLqD6Gu1Fp1GFRCeNvmtTfTBSyPvT8s1X4hzcxPRip2pjShy4sC6k6GDHerAab
2022-06-28 11:21:43.946	    7f8816ffd640	ERROR	WalletAPI	src/wallet/api/wallet.cpp:1125	daemonBlockChainHeight: Failed to connect to daemon
2022-06-28 11:21:45.331	    7fad9e143500	INFO	logging	contrib/epee/src/mlog.cpp:273	New log categories: *:WARNING,net:FATAL,net.http:FATAL,net.ssl:FATAL,net.p2p:FATAL,net.cn:FATAL,daemon.rpc:FATAL,global:INFO,verify:FATAL,serialization:FATAL,daemon.rpc.payment:ERROR,stacktrace:INFO,logging:INFO,msgwriter:INFO
2022-06-28 11:22:03.038	    7fad96ffd640	WARNING	wallet.wallet2	src/wallet/wallet2.cpp:6165	Loaded wallet keys file, with public address: 44KQtJrq5W18ToRGtNYcd5fJgt66yskNMRLqD6Gu1Fp1GFRCeNvmtTfTBSyPvT8s1X4hzcxPRip2pjShy4sC6k6GDHerAab
2022-06-28 11:22:49.834	    7fad7ffff640	WARNING	wallet.wallet2	src/wallet/wallet2.cpp:1937	Transaction extra has unsupported format: <0ec97f9b06e72874664ac45d6bd47c3a0f811f5a7192a7fd3febbdd78972b93d>
2022-06-28 11:22:49.834	    7fad7ffff640	WARNING	wallet.wallet2	src/wallet/wallet2.cpp:1937	Transaction extra has unsupported format: <198ec3b47475fa4f923a03b9644b5a47dd3dd034296684d58f3013586b89fc2f>
2022-06-28 11:22:49.837	    7fad948c5640	WARNING	wallet.wallet2	src/wallet/wallet2.cpp:1937	Transaction extra has unsupported format: <d3b54a3057503fe5ad9b01a11f36352d81016567f49f35ede314a31126d4bf61>
2022-06-28 11:22:49.839	    7fad948c5640	WARNING	wallet.wallet2	src/wallet/wallet2.cpp:1937	Transaction extra has unsupported format: <e60bd58dafec4fc7313fd2936e355f03b1f72503375f6ffde5b366681341b2bd>
2022-06-28 11:22:49.841	    7fad7ffff640	WARNING	wallet.wallet2	src/wallet/wallet2.cpp:1937	Transaction extra has unsupported format: <b5a9a898551ea76b655f369c2dd607847928a9f0de681542fd1ec8a93bc78da4>
2022-06-28 11:22:49.841	    7fad7ffff640	WARNING	wallet.wallet2	src/wallet/wallet2.cpp:1937	Transaction extra has unsupported format: <fae3f213ddfd1b5fb02ef16a1cb20740f48df795ca02042683ebe135aeaa9ce4>
2022-06-28 11:22:49.846	    7fad7ffff640	WARNING	wallet.wallet2	src/wallet/wallet2.cpp:1937	Transaction extra has unsupported format: <f5cefbf04e9ef6445c9fbacdb062ba88bf7b540591a9752971fa558e8715dc84>
2022-06-28 11:22:49.848	    7fad95ffb640	WARNING	wallet.wallet2	src/wallet/wallet2.cpp:1937	Transaction extra has unsupported format: <668b0d45ca5b49e1c783a4c03ce9d38bfc4aa32f61ee81260a8a2d2ab45013b6>
2022-06-28 11:22:49.849	    7fad95ffb640	WARNING	wallet.wallet2	src/wallet/wallet2.cpp:1937	Transaction extra has unsupported format: <c902a98e42abf1ca4caadd90e75642dff1297a3932ac20d96a573927965caac1>
2022-06-28 11:22:49.850	    7fad95ffb640	WARNING	wallet.wallet2	src/wallet/wallet2.cpp:1937	Transaction extra has unsupported format: <bd3d6347936c90b36e5ad00df88277f3f4d41b4782abd7be4236a2a96a224786>
2022-06-28 11:22:49.851	    7fad948c5640	WARNING	wallet.wallet2	src/wallet/wallet2.cpp:1937	Transaction extra has unsupported format: <84e8306d736473d04b6d1e68066d2d6e502152628509507a803728deb7219af6>
2022-06-28 11:22:49.851	    7fad948c5640	WARNING	wallet.wallet2	src/wallet/wallet2.cpp:1937	Transaction extra has unsupported format: <28a9d344bb754d8aaaf524bec3e990544b21dbb93a7e07c22f8f8e45ae16371e>
2022-06-28 11:22:49.852	    7fad7ffff640	WARNING	wallet.wallet2	src/wallet/wallet2.cpp:1937	Transaction extra has unsupported format: <04898d8672324e25ea61d0023d5539fca98b638b412b21d1826c623f00ba907f>
2022-06-28 11:22:49.854	    7fad948c5640	WARNING	wallet.wallet2	src/wallet/wallet2.cpp:1937	Transaction extra has unsupported format: <1071eeb9e947a446a29f281c14c29900188b6381b8bfb1cf5486ac417e521686>
2022-06-28 11:22:49.854	    7fad7ffff640	WARNING	wallet.wallet2	src/wallet/wallet2.cpp:1937	Transaction extra has unsupported format: <6439f592b949868fd892d70d616416367dca996d3e86490c65ce5320f1fba7c0>
2022-06-28 11:22:49.854	    7fad7ffff640	WARNING	wallet.wallet2	src/wallet/wallet2.cpp:1937	Transaction extra has unsupported format: <8e97bab95355fe0439dd4611d87464743197daf006b25eef7d66a588daaf6ac2>
2022-06-28 11:22:49.855	    7fad95ffb640	WARNING	wallet.wallet2	src/wallet/wallet2.cpp:1937	Transaction extra has unsupported format: <be7b89ebb6e91b6e4e86354d07d7b6d6fba30889de9b996418240ab49f5ae2b2>
2022-06-28 11:22:49.856	    7fad95ffb640	WARNING	wallet.wallet2	src/wallet/wallet2.cpp:1937	Transaction extra has unsupported format: <67a5bd2b6fbdc8f4fefb5207b94ac11587c80e0a303fba23608caa0e1e447320>
2022-06-28 11:22:49.857	    7fad7ffff640	WARNING	wallet.wallet2	src/wallet/wallet2.cpp:1937	Transaction extra has unsupported format: <6a0f3de3ec71073bb4b295b3cabcd651a4a2eade63b47e276d7dcb13ad5bd83f>
2022-06-28 11:22:49.858	    7fad7ffff640	WARNING	wallet.wallet2	src/wallet/wallet2.cpp:1937	Transaction extra has unsupported format: <8be195e270e518f3b793f8c41395a4d209f4432916cc75c7cf3743349e080402>
2022-06-28 11:22:49.859	    7fad7ffff640	WARNING	wallet.wallet2	src/wallet/wallet2.cpp:1937	Transaction extra has unsupported format: <5db68a5d4bbd42d1d437720b71c8606a1bfa36f5bead270f45e75d0aa6830e7b>
2022-06-28 11:22:49.860	    7fad95ffb640	WARNING	wallet.wallet2	src/wallet/wallet2.cpp:1937	Transaction extra has unsupported format: <276e38b7ba12b04563559efb85d928bd6935346107e5b637987e2fae58a4db7f>
2022-06-28 11:22:49.863	    7fad948c5640	WARNING	wallet.wallet2	src/wallet/wallet2.cpp:1937	Transaction extra has unsupported format: <316a8f1aa2c6aac63b4c0471cbe61ec1ebfbdb148eeaee601216d1c26c1ab1e4>
2022-06-28 11:22:49.866	    7fad948c5640	WARNING	wallet.wallet2	src/wallet/wallet2.cpp:1937	Transaction extra has unsupported format: <7fa4da9af1eb65da1a69ecc50b3defaa2c85de2bf1e5a29aeae0f31c77a2920b>
2022-06-28 11:22:49.867	    7fad95ffb640	WARNING	wallet.wallet2	src/wallet/wallet2.cpp:1937	Transaction extra has unsupported format: <5f4e86040082a340ddcde61643487a83e7d40c7da1517f85ce19ab70f6a94047>
2022-06-28 11:22:49.871	    7fad95ffb640	WARNING	wallet.wallet2	src/wallet/wallet2.cpp:1937	Transaction extra has unsupported format: <3d994f0efc15c7108c04eaad3070c383a4df9fc93520804a1d9e9ff40e0e0894>
2022-06-28 11:22:49.871	    7fad948c5640	WARNING	wallet.wallet2	src/wallet/wallet2.cpp:1937	Transaction extra has unsupported format: <7b9668342d8376096ad2b78ec690e9a7f55323fc222f8e6d2f029fd546eedc02>
2022-06-28 11:22:49.873	    7fad95ffb640	WARNING	wallet.wallet2	src/wallet/wallet2.cpp:1937	Transaction extra has unsupported format: <a0b47cae604f80095448ef652367c77e541f1133ddd141f0cecb2f05421b20bb>
2022-06-28 11:22:49.875	    7fad948c5640	WARNING	wallet.wallet2	src/wallet/wallet2.cpp:1937	Transaction extra has unsupported format: <2c622249f2e34f55a687a1bce44e1c575a2a76ce0a264580e116d63b2d7827cc>
2022-06-28 11:22:49.876	    7fad95ffb640	WARNING	wallet.wallet2	src/wallet/wallet2.cpp:1937	Transaction extra has unsupported format: <e5ea4539d25e4a659be8fd82cc99496d75dc94ebe0bf015566b73eb0b9ee8b5c>
2022-06-28 11:22:49.878	    7fad95ffb640	WARNING	wallet.wallet2	src/wallet/wallet2.cpp:1937	Transaction extra has unsupported format: <769b9fb4c71a26f398066054fef57556a796533f8a0cc6a6b5fb724a97b09198>
2022-06-28 11:22:49.878	    7fad948c5640	WARNING	wallet.wallet2	src/wallet/wallet2.cpp:1937	Transaction extra has unsupported format: <6f77d6ab56e4674dd5c0773bc60148a3829108b9d46da30644bfc616de8b2382>
2022-06-28 11:22:49.880	    7fad95ffb640	WARNING	wallet.wallet2	src/wallet/wallet2.cpp:1937	Transaction extra has unsupported format: <b6b348722c3419fab3a468779caf03bdbae6e89d304510f955957c87a2cb6936>
2022-06-28 11:22:49.881	    7fad7ffff640	WARNING	wallet.wallet2	src/wallet/wallet2.cpp:1937	Transaction extra has unsupported format: <dd95251cd105f45485088d8ba9922a33ee14f452260124b649b1779f392d8fed>
2022-06-28 11:22:49.882	    7fad95ffb640	WARNING	wallet.wallet2	src/wallet/wallet2.cpp:1937	Transaction extra has unsupported format: <7528f80835794ab84aed4bf097be1c6530ac41c6c793f120cdd188821782e905>
2022-06-28 11:23:00.698	    7fad957fa640	WARNING	wallet.wallet2	src/wallet/wallet2.cpp:1937	Transaction extra has unsupported format: <d8c0547c1bee0b878d2c76c5eabe9913d779ababde02cf0663557f9c0b680e88>
2022-06-28 11:23:00.700	    7fad95ffb640	WARNING	wallet.wallet2	src/wallet/wallet2.cpp:1937	Transaction extra has unsupported format: <3d72838ac67b73e0a638e26cdbf415453fc4dcb3ae34ae9513819fce40b7c71a>
2022-06-28 11:23:00.702	    7fad7ffff640	WARNING	wallet.wallet2	src/wallet/wallet2.cpp:1937	Transaction extra has unsupported format: <bc092cf6265a873c0367c308f9063d44cbf698923e37eb415f97750bb152d834>
2022-06-28 11:23:00.702	    7fad7ffff640	WARNING	wallet.wallet2	src/wallet/wallet2.cpp:1937	Transaction extra has unsupported format: <4f45093dfa974576738f8e514b135094ea3b612c8fd1afb9af3b80785b0158d3>
2022-06-28 11:23:00.703	    7fad7ffff640	WARNING	wallet.wallet2	src/wallet/wallet2.cpp:1937	Transaction extra has unsupported format: <25a7a78d1d0b3aeb7b39e19421d66262ebea6a53393618e974c210657cff9c7d>
2022-06-28 11:23:00.703	    7fad95ffb640	WARNING	wallet.wallet2	src/wallet/wallet2.cpp:1937	Transaction extra has unsupported format: <82c5af6dde40091f10a835a0959d71aa0172ba258795bca13188d5907dbb5d1f>
2022-06-28 11:23:00.706	    7fad95ffb640	WARNING	wallet.wallet2	src/wallet/wallet2.cpp:1937	Transaction extra has unsupported format: <239530366b9685e064428933baff400dc76f1f2ec3a78a71651adfc4439f75b1>
2022-06-28 11:23:00.708	    7fad95ffb640	WARNING	wallet.wallet2	src/wallet/wallet2.cpp:1937	Transaction extra has unsupported format: <2dc809dc5a5f549299d10d7ad336010d8330c0d61b7b78b162c038397d9a4916>
2022-06-28 11:23:00.710	    7fad957fa640	WARNING	wallet.wallet2	src/wallet/wallet2.cpp:1937	Transaction extra has unsupported format: <fb5c8fd28220617d00386c64b1b25d4c970b0ab2a7ce8ab826318c3602db1e0f>
2022-06-28 11:23:00.712	    7fad95ffb640	WARNING	wallet.wallet2	src/wallet/wallet2.cpp:1937	Transaction extra has unsupported format: <4a702937c86ec309e58d83eebce509f3ed0ef72dd743b0795b8aa17aa14fd1b0>
2022-06-28 11:23:00.712	    7fad957fa640	WARNING	wallet.wallet2	src/wallet/wallet2.cpp:1937	Transaction extra has unsupported format: <f7c484598dae6123a9daaa9f3af1417c0ce36e99817f47ad3837fd12626f7698>
2022-06-28 11:23:00.713	    7fad7ffff640	WARNING	wallet.wallet2	src/wallet/wallet2.cpp:1937	Transaction extra has unsupported format: <ab000a4985a2d9462a9ba7aaaf4502eb082cd86c31c66323d1946895682efdac>
2022-06-28 11:23:00.713	    7fad7ffff640	WARNING	wallet.wallet2	src/wallet/wallet2.cpp:1937	Transaction extra has unsupported format: <703cf462d40116ed09c0701f29a8bec7535bbec99d2e06dc9075d5833b192d34>
2022-06-28 11:23:00.715	    7fad957fa640	WARNING	wallet.wallet2	src/wallet/wallet2.cpp:1937	Transaction extra has unsupported format: <000d096e0cf470672847846116ce2806edf833c53cab32584ea7a0af2c3da2e3>
2022-06-28 11:23:00.716	    7fad957fa640	WARNING	wallet.wallet2	src/wallet/wallet2.cpp:1937	Transaction extra has unsupported format: <3078328f60a7aefe384c5176086d62dc9e958ee6dd712c18054ec8f3107535a3>
2022-06-28 11:23:00.716	    7fad7ffff640	WARNING	wallet.wallet2	src/wallet/wallet2.cpp:1937	Transaction extra has unsupported format: <bb321341cc50cc549b5ac73cb711cb14fa4b8f093f79dcad5608e51d319117f9>
2022-06-28 11:23:00.716	    7fad957fa640	WARNING	wallet.wallet2	src/wallet/wallet2.cpp:1937	Transaction extra has unsupported format: <f9700afb18729f7a2d87fdde0e6e06001e8201b510814ad8010e799a954e9b57>
2022-06-28 11:23:00.717	    7fad7ffff640	WARNING	wallet.wallet2	src/wallet/wallet2.cpp:1937	Transaction extra has unsupported format: <f2e4e6aa69bb592e3eb1dcd401bb1d3321accc9ed8a1a0faf6dca2aa35276119>
2022-06-28 11:23:00.719	    7fad957fa640	WARNING	wallet.wallet2	src/wallet/wallet2.cpp:1937	Transaction extra has unsupported format: <cc75236173d8bf29e3d0e2dd0e6d06d0b9a99af219c2385c2df7810d42b068e9>
2022-06-28 11:23:00.719	    7fad7ffff640	WARNING	wallet.wallet2	src/wallet/wallet2.cpp:1937	Transaction extra has unsupported format: <9ddf0c30f455f8763996f2b272b653110f46783b13ba3ba211babad5d1684b0c>
2022-06-28 11:23:00.720	    7fad95ffb640	WARNING	wallet.wallet2	src/wallet/wallet2.cpp:1937	Transaction extra has unsupported format: <98467b1e1c6124ff8e476e1ebc957f2012e7ed49aff19f3d1eb3d6cbb92c7c69>
2022-06-28 11:23:00.721	    7fad7ffff640	WARNING	wallet.wallet2	src/wallet/wallet2.cpp:1937	Transaction extra has unsupported format: <b3e42ec08641392b95819a08f4d3474c838228385ae15b45ea9e54f56375fb0f>
2022-06-28 11:23:00.721	    7fad95ffb640	WARNING	wallet.wallet2	src/wallet/wallet2.cpp:1937	Transaction extra has unsupported format: <2eb854537d336a9483b254d30a2e4ad9a9354ea0c73aefaed0faf7aebbb6b524>
2022-06-28 11:23:00.721	    7fad95ffb640	WARNING	wallet.wallet2	src/wallet/wallet2.cpp:1937	Transaction extra has unsupported format: <91b041ab6b55a822bc3199e3d70c50b3df7fd79224a427b8229c261575d6d5a2>
2022-06-28 11:23:00.723	    7fad95ffb640	WARNING	wallet.wallet2	src/wallet/wallet2.cpp:1937	Transaction extra has unsupported format: <a16dbeb3bf616a23abd37c5b631a46d5536b785ce2bf850d19536e89a8930464>
2022-06-28 11:23:00.725	    7fad957fa640	WARNING	wallet.wallet2	src/wallet/wallet2.cpp:1937	Transaction extra has unsupported format: <a153b00fe53456694568df635d55413902c9424fece4da63b10f80301bbb0f1a>
2022-06-28 11:23:00.725	    7fad7ffff640	WARNING	wallet.wallet2	src/wallet/wallet2.cpp:1937	Transaction extra has unsupported format: <fd1bf380594305bcae13db861e80a650ff7ed15f76be706c5e613a5599119c5e>
2022-06-28 11:23:04.963	    7fad948c5640	ERROR	wallet.wallet2	src/wallet/wallet2.cpp:14636	!r. THROW EXCEPTION: tools::error::no_connection_to_daemon
2022-06-28 11:23:04.964	    7fad95ffb640	ERROR	wallet.wallet2	src/wallet/wallet2.cpp:3683	pull_blocks failed, try_count=0
2022-06-28 11:23:04.993	    7fad95ffb640	ERROR	WalletAPI	src/wallet/api/wallet.cpp:2595	doRefreshCaught an exception in the refresh thread
